Using pre-set license
Built from '2021.1/staging' branch; Version is '2021.1.3f1 (4bef613afd59) revision 4976481'; Using compiler version '192528614'; Build Type 'Release'
OS: 'Windows 10 Pro; OS build 19042.928; Version 2009; 64bit' Language: 'en' Physical Memory: 32716 MB
BatchMode: 1, IsHumanControllingUs: 0, StartBugReporterOnCrash: 0, Is64bit: 1, IsPro: 0

 COMMAND LINE ARGUMENTS:
C:\Program Files\Unity\Hub\Editor\2021.1.3f1\Editor\Unity.exe
-adb2
-batchMode
-noUpm
-name
AssetImportWorker0
-projectPath
D:/Unity Projects/CS295_Computer_Vision_Final_Project
-logFile
Logs/AssetImportWorker0.log
-srvPort
50806
Successfully changed project path to: D:/Unity Projects/CS295_Computer_Vision_Final_Project
D:/Unity Projects/CS295_Computer_Vision_Final_Project
Using Asset Import Pipeline V2.
Refreshing native plugins compatible for Editor in 479.66 ms, found 8 plugins.
Preloading 1 native plugins for Editor in 22.64 ms.
Initialize engine version: 2021.1.3f1 (4bef613afd59)
[Subsystems] Discovering subsystems at path C:/Program Files/Unity/Hub/Editor/2021.1.3f1/Editor/Data/Resources/UnitySubsystems
[Subsystems] Discovering subsystems at path D:/Unity Projects/CS295_Computer_Vision_Final_Project/Assets
GfxDevice: creating device client; threaded=0; jobified=0
Direct3D:
    Version:  Direct3D 11.0 [level 11.1]
    Renderer: NVIDIA GeForce RTX 2080 Ti (ID=0x1e07)
    Vendor:   NVIDIA
    VRAM:     11049 MB
    Driver:   27.21.14.5671
Initialize mono
Mono path[0] = 'C:/Program Files/Unity/Hub/Editor/2021.1.3f1/Editor/Data/Managed'
Mono path[1] = 'C:/Program Files/Unity/Hub/Editor/2021.1.3f1/Editor/Data/MonoBleedingEdge/lib/mono/unityjit'
Mono config path = 'C:/Program Files/Unity/Hub/Editor/2021.1.3f1/Editor/Data/MonoBleedingEdge/etc'
Using monoOptions --debugger-agent=transport=dt_socket,embedding=1,server=y,suspend=n,address=127.0.0.1:56000
Begin MonoManager ReloadAssembly
Registering precompiled unity dll's ...
Register platform support module: C:/Program Files/Unity/Hub/Editor/2021.1.3f1/Editor/Data/PlaybackEngines/WebGLSupport/UnityEditor.WebGL.Extensions.dll
Register platform support module: C:/Program Files/Unity/Hub/Editor/2021.1.3f1/Editor/Data/PlaybackEngines/WindowsStandaloneSupport/UnityEditor.WindowsStandalone.Extensions.dll
Registered in 0.159333 seconds.
Native extension for WindowsStandalone target not found
Native extension for WebGL target not found
Refreshing native plugins compatible for Editor in 88.27 ms, found 8 plugins.
Preloading 1 native plugins for Editor in 0.05 ms.
Mono: successfully reloaded assembly
- Completed reload, in  5.670 seconds
Platform modules already initialized, skipping
Registering precompiled user dll's ...
Registered in 0.361892 seconds.
Begin MonoManager ReloadAssembly
Native extension for WindowsStandalone target not found
Native extension for WebGL target not found
Refreshing native plugins compatible for Editor in 86.86 ms, found 8 plugins.
Preloading 1 native plugins for Editor in 0.06 ms.
Mono: successfully reloaded assembly
- Completed reload, in  0.931 seconds
Platform modules already initialized, skipping
========================================================================
Worker process is ready to serve import requests
Launched and connected shader compiler UnityShaderCompiler.exe after 0.05 seconds
Refreshing native plugins compatible for Editor in 0.94 ms, found 8 plugins.
Preloading 1 native plugins for Editor in 0.07 ms.
Unloading 3414 Unused Serialized files (Serialized files now loaded: 0)
System memory in use before: 122.2 MB.
System memory in use after: 122.4 MB.

Unloading 18 unused Assets to reduce memory usage. Loaded Objects now: 3865.
Total: 2.086300 ms (FindLiveObjects: 0.298200 ms CreateObjectMapping: 0.091800 ms MarkObjects: 1.629700 ms  DeleteObjects: 0.065800 ms)

========================================================================
Received Import Request.
  path: Assets/ExampleAssets/Scripts/ARPlacement.cs
  artifactKey: Guid(d43a98d991a17b04588898334d1ebf6b) Importer(815301076,1909f56bfc062723c751e8b465ee728b)
Start importing Assets/ExampleAssets/Scripts/ARPlacement.cs using Guid(d43a98d991a17b04588898334d1ebf6b) Importer(815301076,1909f56bfc062723c751e8b465ee728b)  -> (artifact id: '5b7ecabc184dec3b4d91c33ed2f6aa1a') in 0.058920 seconds 
========================================================================
Received Prepare
Registering precompiled user dll's ...
Registered in 0.003282 seconds.
Begin MonoManager ReloadAssembly
Native extension for WindowsStandalone target not found
Native extension for WebGL target not found
Refreshing native plugins compatible for Editor in 0.76 ms, found 8 plugins.
Preloading 1 native plugins for Editor in 0.05 ms.
Mono: successfully reloaded assembly
- Completed reload, in  0.743 seconds
Platform modules already initialized, skipping
Refreshing native plugins compatible for Editor in 0.73 ms, found 8 plugins.
Preloading 1 native plugins for Editor in 0.05 ms.
Unloading 3379 Unused Serialized files (Serialized files now loaded: 0)
System memory in use before: 121.2 MB.
System memory in use after: 121.4 MB.

Unloading 13 unused Assets to reduce memory usage. Loaded Objects now: 3869.
Total: 1.919400 ms (FindLiveObjects: 0.267200 ms CreateObjectMapping: 0.092200 ms MarkObjects: 1.508800 ms  DeleteObjects: 0.050100 ms)

========================================================================
Received Prepare
Registering precompiled user dll's ...
Registered in 0.003344 seconds.
Begin MonoManager ReloadAssembly
Native extension for WindowsStandalone target not found
Native extension for WebGL target not found
Refreshing native plugins compatible for Editor in 0.76 ms, found 8 plugins.
Preloading 1 native plugins for Editor in 0.05 ms.
Mono: successfully reloaded assembly
- Completed reload, in  0.730 seconds
Platform modules already initialized, skipping
Refreshing native plugins compatible for Editor in 0.73 ms, found 8 plugins.
Preloading 1 native plugins for Editor in 0.05 ms.
Unloading 3379 Unused Serialized files (Serialized files now loaded: 0)
System memory in use before: 121.3 MB.
System memory in use after: 121.5 MB.

Unloading 13 unused Assets to reduce memory usage. Loaded Objects now: 3873.
Total: 1.933700 ms (FindLiveObjects: 0.269200 ms CreateObjectMapping: 0.090700 ms MarkObjects: 1.521800 ms  DeleteObjects: 0.051200 ms)

========================================================================
Received Import Request.
  Time since last request: 1541.525490 seconds.
  path: Assets
  artifactKey: Guid(00000000000000001000000000000000) Importer(815301076,1909f56bfc062723c751e8b465ee728b)
Start importing Assets using Guid(00000000000000001000000000000000) Importer(815301076,1909f56bfc062723c751e8b465ee728b)  -> (artifact id: '6779f75e76917e1ecec839062fe3cffe') in 0.007953 seconds 
========================================================================
Received Import Request.
  Time since last request: 47.021528 seconds.
  path: Assets/Summon.prefab
  artifactKey: Guid(e116cfcab971e754fabf0882039327cf) Importer(815301076,1909f56bfc062723c751e8b465ee728b)
Start importing Assets/Summon.prefab using Guid(e116cfcab971e754fabf0882039327cf) Importer(815301076,1909f56bfc062723c751e8b465ee728b)  -> (artifact id: '28a7a66b8871ed2e95bb64104f4a64f4') in 0.067030 seconds 
========================================================================
Received Import Request.
  Time since last request: 23.907875 seconds.
  path: Assets/prototype texture.png
  artifactKey: Guid(d492fee34f5154440a0207fb63af5a25) Importer(815301076,1909f56bfc062723c751e8b465ee728b)
Start importing Assets/prototype texture.png using Guid(d492fee34f5154440a0207fb63af5a25) Importer(815301076,1909f56bfc062723c751e8b465ee728b)  -> (artifact id: '874f825f0e6dee927d32c993e362de67') in 0.038117 seconds 
========================================================================
Received Import Request.
  Time since last request: 16.025577 seconds.
  path: Assets/Protoype.mat
  artifactKey: Guid(41150ce4ead09f34b9546c0aca85eb80) Importer(815301076,1909f56bfc062723c751e8b465ee728b)
Start importing Assets/Protoype.mat using Guid(41150ce4ead09f34b9546c0aca85eb80) Importer(815301076,1909f56bfc062723c751e8b465ee728b)  -> (artifact id: '5c7ba79e364d41bb70d342d7faf617bf') in 0.026004 seconds 
========================================================================
Received Import Request.
  Time since last request: 40.660633 seconds.
  path: Assets/prototype texture.png
  artifactKey: Guid(d492fee34f5154440a0207fb63af5a25) Importer(815301076,1909f56bfc062723c751e8b465ee728b)
Start importing Assets/prototype texture.png using Guid(d492fee34f5154440a0207fb63af5a25) Importer(815301076,1909f56bfc062723c751e8b465ee728b)  -> (artifact id: '48cde60d93f1a9ddc56f67a38a4e0674') in 0.018495 seconds 
========================================================================
Received Import Request.
  Time since last request: 33.601304 seconds.
  path: Assets/ExampleAssets/Materials
  artifactKey: Guid(0a1aa25d695ea4175bf4920feb2742e1) Importer(815301076,1909f56bfc062723c751e8b465ee728b)
Start importing Assets/ExampleAssets/Materials using Guid(0a1aa25d695ea4175bf4920feb2742e1) Importer(815301076,1909f56bfc062723c751e8b465ee728b)  -> (artifact id: '493d183fbc4795aa49edf19490cbf6d3') in 0.004936 seconds 
========================================================================
Received Import Request.
  Time since last request: 0.067390 seconds.
  path: Assets/ExampleAssets/Materials/PlacedCubeMat.mat
  artifactKey: Guid(0ce7ca15cd93341beb67396a494cef55) Importer(815301076,1909f56bfc062723c751e8b465ee728b)
Start importing Assets/ExampleAssets/Materials/PlacedCubeMat.mat using Guid(0ce7ca15cd93341beb67396a494cef55) Importer(815301076,1909f56bfc062723c751e8b465ee728b)  -> (artifact id: '3a4a3143ce28ce6c939a686dd5bb6abd') in 0.011302 seconds 
========================================================================
Received Import Request.
  Time since last request: 0.000100 seconds.
  path: Assets/ExampleAssets/Materials/PlaneMat.mat
  artifactKey: Guid(2da0ea038f25a4fa998f183878aedf79) Importer(815301076,1909f56bfc062723c751e8b465ee728b)
Start importing Assets/ExampleAssets/Materials/PlaneMat.mat using Guid(2da0ea038f25a4fa998f183878aedf79) Importer(815301076,1909f56bfc062723c751e8b465ee728b)  -> (artifact id: 'a897fc509dd1c5192ba99385e052213a') in 0.016031 seconds 
========================================================================
Received Import Request.
  Time since last request: 3.426107 seconds.
  path: Assets/ExampleAssets/Textures/PlanePatternDot.png
  artifactKey: Guid(af6bcea09b8134831b6599e2900aef81) Importer(815301076,1909f56bfc062723c751e8b465ee728b)
Start importing Assets/ExampleAssets/Textures/PlanePatternDot.png using Guid(af6bcea09b8134831b6599e2900aef81) Importer(815301076,1909f56bfc062723c751e8b465ee728b)  -> (artifact id: 'b6c59a42642fe58296c713d37a753f12') in 0.010776 seconds 
========================================================================
Received Import Request.
  Time since last request: 19.044733 seconds.
  path: Assets/red.mat
  artifactKey: Guid(b3294c5f87b2bd34ea9657efa600711c) Importer(815301076,1909f56bfc062723c751e8b465ee728b)
Start importing Assets/red.mat using Guid(b3294c5f87b2bd34ea9657efa600711c) Importer(815301076,1909f56bfc062723c751e8b465ee728b)  -> (artifact id: '3c64cccc1f0867225823a2dfbdbd2f11') in 0.008571 seconds 
========================================================================
Received Import Request.
  Time since last request: 6.804057 seconds.
  path: Assets/Summon.prefab
  artifactKey: Guid(e116cfcab971e754fabf0882039327cf) Importer(815301076,1909f56bfc062723c751e8b465ee728b)
Start importing Assets/Summon.prefab using Guid(e116cfcab971e754fabf0882039327cf) Importer(815301076,1909f56bfc062723c751e8b465ee728b)  -> (artifact id: '5f98b4dcc8a260ce42970291e32e35b5') in 0.005245 seconds 
========================================================================
Received Import Request.
  Time since last request: 9.131412 seconds.
  path: Assets/red.mat
  artifactKey: Guid(b3294c5f87b2bd34ea9657efa600711c) Importer(815301076,1909f56bfc062723c751e8b465ee728b)
Start importing Assets/red.mat using Guid(b3294c5f87b2bd34ea9657efa600711c) Importer(815301076,1909f56bfc062723c751e8b465ee728b)  -> (artifact id: '880c14981ac0cf5e059ecf1b42f4f6d6') in 0.009370 seconds 
========================================================================
Received Prepare
Registering precompiled user dll's ...
Registered in 0.003391 seconds.
Begin MonoManager ReloadAssembly
Native extension for WindowsStandalone target not found
Native extension for WebGL target not found
Refreshing native plugins compatible for Editor in 0.80 ms, found 8 plugins.
Preloading 1 native plugins for Editor in 0.05 ms.
Mono: successfully reloaded assembly
- Completed reload, in  0.749 seconds
Platform modules already initialized, skipping
Refreshing native plugins compatible for Editor in 0.74 ms, found 8 plugins.
Preloading 1 native plugins for Editor in 0.05 ms.
Unloading 3380 Unused Serialized files (Serialized files now loaded: 0)
System memory in use before: 126.8 MB.
System memory in use after: 127.0 MB.

Unloading 14 unused Assets to reduce memory usage. Loaded Objects now: 3963.
Total: 2.030400 ms (FindLiveObjects: 0.293500 ms CreateObjectMapping: 0.092300 ms MarkObjects: 1.593700 ms  DeleteObjects: 0.049700 ms)

========================================================================
Received Import Request.
  Time since last request: 730.112989 seconds.
  path: Assets/XR/Loaders/AR Core Loader.asset
  artifactKey: Guid(9b09f0106dcd341a980bb4a4d59799d1) Importer(815301076,1909f56bfc062723c751e8b465ee728b)
Start importing Assets/XR/Loaders/AR Core Loader.asset using Guid(9b09f0106dcd341a980bb4a4d59799d1) Importer(815301076,1909f56bfc062723c751e8b465ee728b)  -> (artifact id: '39264f9dc998fb65bc483c9c89ed19bd') in 0.014318 seconds 
========================================================================
Received Import Request.
  Time since last request: 0.000142 seconds.
  path: Assets/ExampleAssets/Tutorial/ARTutorialWelcomePage.asset
  artifactKey: Guid(d7ed8cdd171b54fe39c58afde8ff5d51) Importer(815301076,1909f56bfc062723c751e8b465ee728b)
Start importing Assets/ExampleAssets/Tutorial/ARTutorialWelcomePage.asset using Guid(d7ed8cdd171b54fe39c58afde8ff5d51) Importer(815301076,1909f56bfc062723c751e8b465ee728b)  -> (artifact id: '2858b876d72a4daa87b0884146323d70') in 0.013984 seconds 
========================================================================
Received Import Request.
  Time since last request: 0.000151 seconds.
  path: Assets/ExampleAssets/Tutorial/Images/project-header-ar.png
  artifactKey: Guid(36ba5f0e57d094b0c9364f801bc2bac0) Importer(815301076,1909f56bfc062723c751e8b465ee728b)
Start importing Assets/ExampleAssets/Tutorial/Images/project-header-ar.png using Guid(36ba5f0e57d094b0c9364f801bc2bac0) Importer(815301076,1909f56bfc062723c751e8b465ee728b)  -> (artifact id: 'b7996271c15808847e4c80f2a0cdd94f') in 0.029775 seconds 
========================================================================
Received Import Request.
  Time since last request: 0.000145 seconds.
  path: Assets/ExampleAssets/Prefabs/ARPlane.prefab
  artifactKey: Guid(3738bd65ede154463b2c35064b9e5fdb) Importer(815301076,1909f56bfc062723c751e8b465ee728b)
Start importing Assets/ExampleAssets/Prefabs/ARPlane.prefab using Guid(3738bd65ede154463b2c35064b9e5fdb) Importer(815301076,1909f56bfc062723c751e8b465ee728b)  -> (artifact id: '39b5af82271c47b895181057ecbfd755') in 0.011107 seconds 
========================================================================
Received Import Request.
  Time since last request: 0.000127 seconds.
  path: Assets/XR/Settings/AR Kit Loader Settings.asset
  artifactKey: Guid(c02f12437be494530a39604e26294a08) Importer(815301076,1909f56bfc062723c751e8b465ee728b)
Start importing Assets/XR/Settings/AR Kit Loader Settings.asset using Guid(c02f12437be494530a39604e26294a08) Importer(815301076,1909f56bfc062723c751e8b465ee728b)  -> (artifact id: 'ea7be74ca5daf289261b8336ea8be9d7') in 0.004941 seconds 
========================================================================
Received Import Request.
  Time since last request: 0.000137 seconds.
  path: Assets/XR/Settings/AR Core Settings.asset
  artifactKey: Guid(3535a9eb7cdc15c44b7b89ed4b0af674) Importer(815301076,1909f56bfc062723c751e8b465ee728b)
Start importing Assets/XR/Settings/AR Core Settings.asset using Guid(3535a9eb7cdc15c44b7b89ed4b0af674) Importer(815301076,1909f56bfc062723c751e8b465ee728b)  -> (artifact id: '8f4162f0203399c7e1e59e338b1619a9') in 0.004828 seconds 
========================================================================
Received Import Request.
  Time since last request: 0.000091 seconds.
  path: Assets/XR/Loaders/AR Kit Loader.asset
  artifactKey: Guid(de0ea855f920d4e3a8db461dc3454566) Importer(815301076,1909f56bfc062723c751e8b465ee728b)
Start importing Assets/XR/Loaders/AR Kit Loader.asset using Guid(de0ea855f920d4e3a8db461dc3454566) Importer(815301076,1909f56bfc062723c751e8b465ee728b)  -> (artifact id: '3b9662608ab4dfda004a74f35bfd2862') in 0.004881 seconds 
========================================================================
Received Import Request.
  Time since last request: 0.000116 seconds.
  path: Assets/XR/Settings/AR Kit Settings.asset
  artifactKey: Guid(de8a8e4f987434338a4b1062feb8d069) Importer(815301076,1909f56bfc062723c751e8b465ee728b)
Start importing Assets/XR/Settings/AR Kit Settings.asset using Guid(de8a8e4f987434338a4b1062feb8d069) Importer(815301076,1909f56bfc062723c751e8b465ee728b)  -> (artifact id: '76c2e5f10f7471e765b7344e1bbbba87') in 0.004547 seconds 
========================================================================
Received Import Request.
  Time since last request: 0.000124 seconds.
  path: Assets/ExampleAssets/Tutorial/ARTutorialStyle.asset
  artifactKey: Guid(673c100feae4c40308b05cbe438649eb) Importer(815301076,1909f56bfc062723c751e8b465ee728b)
Start importing Assets/ExampleAssets/Tutorial/ARTutorialStyle.asset using Guid(673c100feae4c40308b05cbe438649eb) Importer(815301076,1909f56bfc062723c751e8b465ee728b)  -> (artifact id: 'dba107d677e3c1155fcc63f48bc483e7') in 0.023663 seconds 
========================================================================
Received Import Request.
  Time since last request: 0.000123 seconds.
  path: Assets/XR/Settings/AR Core Loader Settings.asset
  artifactKey: Guid(a597533867fee4905a1c05b58df97924) Importer(815301076,1909f56bfc062723c751e8b465ee728b)
Start importing Assets/XR/Settings/AR Core Loader Settings.asset using Guid(a597533867fee4905a1c05b58df97924) Importer(815301076,1909f56bfc062723c751e8b465ee728b)  -> (artifact id: '03e6539eeecf63bd8d49b8abfbc31900') in 0.004295 seconds 
========================================================================
Received Import Request.
  Time since last request: 2.200868 seconds.
  path: Assets/ExampleAssets/Scripts/ARPlacement.cs
  artifactKey: Guid(d43a98d991a17b04588898334d1ebf6b) Importer(815301076,1909f56bfc062723c751e8b465ee728b)
Start importing Assets/ExampleAssets/Scripts/ARPlacement.cs using Guid(d43a98d991a17b04588898334d1ebf6b) Importer(815301076,1909f56bfc062723c751e8b465ee728b)  -> (artifact id: 'f7e8d6a0d9f7d0dd60497228b788400c') in 0.004496 seconds 
========================================================================
Received Prepare
Registering precompiled user dll's ...
Registered in 0.003363 seconds.
Begin MonoManager ReloadAssembly
Native extension for WindowsStandalone target not found
Native extension for WebGL target not found
Refreshing native plugins compatible for Editor in 0.77 ms, found 8 plugins.
Preloading 1 native plugins for Editor in 0.05 ms.
Mono: successfully reloaded assembly
- Completed reload, in  0.744 seconds
Platform modules already initialized, skipping
Refreshing native plugins compatible for Editor in 0.73 ms, found 8 plugins.
Preloading 1 native plugins for Editor in 0.05 ms.
Unloading 3380 Unused Serialized files (Serialized files now loaded: 0)
System memory in use before: 127.7 MB.
System memory in use after: 127.9 MB.

Unloading 13 unused Assets to reduce memory usage. Loaded Objects now: 3983.
Total: 2.015600 ms (FindLiveObjects: 0.285600 ms CreateObjectMapping: 0.093700 ms MarkObjects: 1.590000 ms  DeleteObjects: 0.045600 ms)

========================================================================
Received Import Request.
  Time since last request: 19.508831 seconds.
  path: Assets/New Folder
  artifactKey: Guid(aa620e308334c284a9ced9b01f12279e) Importer(815301076,1909f56bfc062723c751e8b465ee728b)
Start importing Assets/New Folder using Guid(aa620e308334c284a9ced9b01f12279e) Importer(815301076,1909f56bfc062723c751e8b465ee728b)  -> (artifact id: '0a4668413f4ce4c2ec6c43036983c5de') in 0.007824 seconds 
========================================================================
Received Import Request.
  Time since last request: 2.714724 seconds.
  path: Assets/Scripts
  artifactKey: Guid(aa620e308334c284a9ced9b01f12279e) Importer(815301076,1909f56bfc062723c751e8b465ee728b)
Start importing Assets/Scripts using Guid(aa620e308334c284a9ced9b01f12279e) Importer(815301076,1909f56bfc062723c751e8b465ee728b)  -> (artifact id: '372d6a37571b1ad98dd48c81277ef432') in 0.004873 seconds 
========================================================================
Received Prepare
Registering precompiled user dll's ...
Registered in 0.003369 seconds.
Begin MonoManager ReloadAssembly
Native extension for WindowsStandalone target not found
Native extension for WebGL target not found
Refreshing native plugins compatible for Editor in 0.74 ms, found 8 plugins.
Preloading 1 native plugins for Editor in 0.05 ms.
Mono: successfully reloaded assembly
- Completed reload, in  0.730 seconds
Platform modules already initialized, skipping
Refreshing native plugins compatible for Editor in 0.72 ms, found 8 plugins.
Preloading 1 native plugins for Editor in 0.05 ms.
Unloading 3379 Unused Serialized files (Serialized files now loaded: 0)
System memory in use before: 127.7 MB.
System memory in use after: 127.9 MB.

Unloading 13 unused Assets to reduce memory usage. Loaded Objects now: 3987.
Total: 1.967500 ms (FindLiveObjects: 0.267100 ms CreateObjectMapping: 0.092300 ms MarkObjects: 1.560400 ms  DeleteObjects: 0.046700 ms)

========================================================================
Received Prepare
Registering precompiled user dll's ...
Registered in 0.003289 seconds.
Begin MonoManager ReloadAssembly
Native extension for WindowsStandalone target not found
Native extension for WebGL target not found
Refreshing native plugins compatible for Editor in 0.75 ms, found 8 plugins.
Preloading 1 native plugins for Editor in 0.05 ms.
Mono: successfully reloaded assembly
- Completed reload, in  0.727 seconds
Platform modules already initialized, skipping
Refreshing native plugins compatible for Editor in 0.66 ms, found 8 plugins.
Preloading 1 native plugins for Editor in 0.05 ms.
Unloading 3379 Unused Serialized files (Serialized files now loaded: 0)
System memory in use before: 127.7 MB.
System memory in use after: 127.9 MB.

Unloading 13 unused Assets to reduce memory usage. Loaded Objects now: 3991.
Total: 1.953000 ms (FindLiveObjects: 0.250600 ms CreateObjectMapping: 0.092300 ms MarkObjects: 1.565200 ms  DeleteObjects: 0.043900 ms)

========================================================================
Received Prepare
Registering precompiled user dll's ...
Registered in 0.003350 seconds.
Begin MonoManager ReloadAssembly
Native extension for WindowsStandalone target not found
Native extension for WebGL target not found
Refreshing native plugins compatible for Editor in 0.89 ms, found 8 plugins.
Preloading 1 native plugins for Editor in 0.05 ms.
Mono: successfully reloaded assembly
- Completed reload, in  0.762 seconds
Platform modules already initialized, skipping
Switching build target platform(19) subTarget(0) extendedPlatform(0) -> platform(13) subTarget(589824) extendedPlatform(0)
Refreshing native plugins compatible for Editor in 0.75 ms, found 8 plugins.
Preloading 1 native plugins for Editor in 0.05 ms.
Unloading 3383 Unused Serialized files (Serialized files now loaded: 0)
System memory in use before: 127.7 MB.
System memory in use after: 127.9 MB.

Unloading 13 unused Assets to reduce memory usage. Loaded Objects now: 3995.
Total: 1.985700 ms (FindLiveObjects: 0.277700 ms CreateObjectMapping: 0.093600 ms MarkObjects: 1.564900 ms  DeleteObjects: 0.048600 ms)

AssetImportParameters requested are different than current active one (requested -> active):
  custom:graphics/normal-map-encoding: 01000000000000000000000000000000 -> 02000000000000000000000000000000
========================================================================
Received Prepare
Refreshing native plugins compatible for Editor in 1.81 ms, found 8 plugins.
Preloading 1 native plugins for Editor in 0.04 ms.
Unloading 10 Unused Serialized files (Serialized files now loaded: 0)
System memory in use before: 60.6 MB.
System memory in use after: 60.8 MB.

Unloading 10 unused Assets to reduce memory usage. Loaded Objects now: 3995.
Total: 1.986500 ms (FindLiveObjects: 0.265900 ms CreateObjectMapping: 0.091800 ms MarkObjects: 1.585200 ms  DeleteObjects: 0.043100 ms)

========================================================================
Received Prepare
Refreshing native plugins compatible for Editor in 1.57 ms, found 8 plugins.
Preloading 1 native plugins for Editor in 0.04 ms.
Unloading 10 Unused Serialized files (Serialized files now loaded: 0)
System memory in use before: 60.6 MB.
System memory in use after: 60.8 MB.

Unloading 10 unused Assets to reduce memory usage. Loaded Objects now: 3995.
Total: 1.921500 ms (FindLiveObjects: 0.256200 ms CreateObjectMapping: 0.090600 ms MarkObjects: 1.536400 ms  DeleteObjects: 0.037800 ms)

========================================================================
Received Prepare
Refreshing native plugins compatible for Editor in 1.54 ms, found 8 plugins.
Preloading 1 native plugins for Editor in 0.04 ms.
Unloading 10 Unused Serialized files (Serialized files now loaded: 0)
System memory in use before: 60.6 MB.
System memory in use after: 60.8 MB.

Unloading 10 unused Assets to reduce memory usage. Loaded Objects now: 3995.
Total: 2.201100 ms (FindLiveObjects: 0.293100 ms CreateObjectMapping: 0.094600 ms MarkObjects: 1.763100 ms  DeleteObjects: 0.049500 ms)

AssetImportParameters requested are different than current active one (requested -> active):
  colorSpace: 1 -> 0
========================================================================
Received Prepare
Refreshing native plugins compatible for Editor in 1.63 ms, found 8 plugins.
Preloading 1 native plugins for Editor in 0.04 ms.
Unloading 10 Unused Serialized files (Serialized files now loaded: 0)
System memory in use before: 60.6 MB.
System memory in use after: 60.8 MB.

Unloading 10 unused Assets to reduce memory usage. Loaded Objects now: 3995.
Total: 2.418500 ms (FindLiveObjects: 0.298700 ms CreateObjectMapping: 0.094000 ms MarkObjects: 1.974900 ms  DeleteObjects: 0.049900 ms)

AssetImportParameters requested are different than current active one (requested -> active):
  colorSpace: 1 -> 0
========================================================================
Received Prepare
Refreshing native plugins compatible for Editor in 1.77 ms, found 8 plugins.
Preloading 1 native plugins for Editor in 0.04 ms.
Unloading 10 Unused Serialized files (Serialized files now loaded: 0)
System memory in use before: 60.6 MB.
System memory in use after: 60.8 MB.

Unloading 10 unused Assets to reduce memory usage. Loaded Objects now: 3995.
Total: 2.018200 ms (FindLiveObjects: 0.276700 ms CreateObjectMapping: 0.092100 ms MarkObjects: 1.606500 ms  DeleteObjects: 0.042300 ms)

AssetImportParameters requested are different than current active one (requested -> active):
  colorSpace: 1 -> 0
========================================================================
Received Prepare
Refreshing native plugins compatible for Editor in 1.73 ms, found 8 plugins.
Preloading 1 native plugins for Editor in 0.04 ms.
Unloading 10 Unused Serialized files (Serialized files now loaded: 0)
System memory in use before: 60.6 MB.
System memory in use after: 60.8 MB.

Unloading 10 unused Assets to reduce memory usage. Loaded Objects now: 3995.
Total: 2.038000 ms (FindLiveObjects: 0.300800 ms CreateObjectMapping: 0.092200 ms MarkObjects: 1.594500 ms  DeleteObjects: 0.049500 ms)

========================================================================
Received Prepare
Refreshing native plugins compatible for Editor in 1.69 ms, found 8 plugins.
Preloading 1 native plugins for Editor in 0.04 ms.
Unloading 10 Unused Serialized files (Serialized files now loaded: 0)
System memory in use before: 60.6 MB.
System memory in use after: 60.8 MB.

Unloading 9 unused Assets to reduce memory usage. Loaded Objects now: 3996.
Total: 2.176900 ms (FindLiveObjects: 0.296100 ms CreateObjectMapping: 0.093700 ms MarkObjects: 1.746000 ms  DeleteObjects: 0.040100 ms)

